<?xml version="1.0" encoding="UTF-8"?>
<!-- Generated by org.testng.reporters.JUnitXMLReporter -->
<testsuite ignored="0" hostname="DESKTOP-0VAGNL3" failures="0" tests="4" name="MyTest" time="40.023" errors="0" timestamp="2023-09-18T00:59:43 PST">
  <testcase classname="com.example.ECommerceTest" name="Test1Homepage" time="21.625"/>
  <testcase classname="com.example.ECommerceTest" name="Test2SearchResultPage" time="6.164"/>
  <testcase classname="com.example.ECommerceTest" name="Test3ProductDetailsPage" time="2.089"/>
  <testcase classname="com.example.ECommerceTest" name="Test4CartPage" time="6.128"/>
</testsuite> <!-- MyTest -->
