<?xml version="1.0" encoding="UTF-8"?>
<testng-results ignored="0" total="4" passed="4" failed="0" skipped="0">
  <reporter-output>
  </reporter-output>
  <suite started-at="2023-09-18T00:59:03 PST" name="MySuite" finished-at="2023-09-18T00:59:43 PST" duration-ms="40023">
    <groups>
    </groups>
    <test started-at="2023-09-18T00:59:03 PST" name="MyTest" finished-at="2023-09-18T00:59:43 PST" duration-ms="40023">
      <class name="com.example.ECommerceTest">
        <test-method is-config="true" signature="setup()[pri:0, instance:com.example.ECommerceTest@77fbd92c]" started-at="2023-09-18T00:59:03 PST" name="setup" finished-at="2023-09-18T00:59:06 PST" duration-ms="3807" status="PASS">
          <reporter-output>
          </reporter-output>
        </test-method> <!-- setup -->
        <test-method signature="Test1Homepage()[pri:0, instance:com.example.ECommerceTest@77fbd92c]" started-at="2023-09-18T00:59:06 PST" name="Test1Homepage" finished-at="2023-09-18T00:59:28 PST" duration-ms="21625" status="PASS">
          <reporter-output>
          </reporter-output>
        </test-method> <!-- Test1Homepage -->
        <test-method signature="Test2SearchResultPage()[pri:0, instance:com.example.ECommerceTest@77fbd92c]" started-at="2023-09-18T00:59:28 PST" name="Test2SearchResultPage" finished-at="2023-09-18T00:59:34 PST" duration-ms="6164" status="PASS">
          <reporter-output>
          </reporter-output>
        </test-method> <!-- Test2SearchResultPage -->
        <test-method signature="Test3ProductDetailsPage()[pri:0, instance:com.example.ECommerceTest@77fbd92c]" started-at="2023-09-18T00:59:34 PST" name="Test3ProductDetailsPage" finished-at="2023-09-18T00:59:36 PST" duration-ms="2089" status="PASS">
          <reporter-output>
          </reporter-output>
        </test-method> <!-- Test3ProductDetailsPage -->
        <test-method signature="Test4CartPage()[pri:0, instance:com.example.ECommerceTest@77fbd92c]" started-at="2023-09-18T00:59:36 PST" name="Test4CartPage" finished-at="2023-09-18T00:59:42 PST" duration-ms="6128" status="PASS">
          <reporter-output>
          </reporter-output>
        </test-method> <!-- Test4CartPage -->
        <test-method is-config="true" signature="quitDriver()[pri:0, instance:com.example.ECommerceTest@77fbd92c]" started-at="2023-09-18T00:59:42 PST" name="quitDriver" finished-at="2023-09-18T00:59:43 PST" duration-ms="193" status="PASS">
          <reporter-output>
          </reporter-output>
        </test-method> <!-- quitDriver -->
      </class> <!-- com.example.ECommerceTest -->
    </test> <!-- MyTest -->
  </suite> <!-- MySuite -->
</testng-results>
